[Fri May 26 14:30:06.252861 2023] [ssl:warn] [pid 19452:tid 436] AH01909: www.example.com:443:0 server certificate does NOT include an ID which matches the server name
[Fri May 26 14:30:06.277777 2023] [ssl:warn] [pid 19452:tid 436] AH01909: www.example.com:443:0 server certificate does NOT include an ID which matches the server name
[Fri May 26 14:30:06.296714 2023] [mpm_winnt:notice] [pid 19452:tid 436] AH00455: Apache/2.4.56 (Win64) OpenSSL/1.1.1t PHP/8.0.28 configured -- resuming normal operations
[Fri May 26 14:30:06.296714 2023] [mpm_winnt:notice] [pid 19452:tid 436] AH00456: Apache Lounge VS16 Server built: Mar  7 2023 13:21:03
[Fri May 26 14:30:06.296714 2023] [core:notice] [pid 19452:tid 436] AH00094: Command line: 'c:\\xampp\\apache\\bin\\httpd.exe -d C:/xampp/apache'
[Fri May 26 14:30:06.299704 2023] [mpm_winnt:notice] [pid 19452:tid 436] AH00418: Parent: Created child process 23484
[Fri May 26 14:30:06.993382 2023] [ssl:warn] [pid 23484:tid 436] AH01909: www.example.com:443:0 server certificate does NOT include an ID which matches the server name
[Fri May 26 14:30:07.014313 2023] [ssl:warn] [pid 23484:tid 436] AH01909: www.example.com:443:0 server certificate does NOT include an ID which matches the server name
[Fri May 26 14:30:07.027270 2023] [mpm_winnt:notice] [pid 23484:tid 436] AH00354: Child: Starting 150 worker threads.
[Fri May 26 14:33:03.933662 2023] [mpm_winnt:crit] [pid 23484:tid 436] AH02538: Child: Parent process exited abruptly. Child process is ending
[Fri May 26 14:33:25.305379 2023] [ssl:warn] [pid 17704:tid 456] AH01909: www.example.com:443:0 server certificate does NOT include an ID which matches the server name
[Fri May 26 14:33:25.326309 2023] [core:warn] [pid 17704:tid 456] AH00098: pid file C:/xampp/apache/logs/httpd.pid overwritten -- Unclean shutdown of previous Apache run?
[Fri May 26 14:33:25.327305 2023] [ssl:warn] [pid 17704:tid 456] AH01909: www.example.com:443:0 server certificate does NOT include an ID which matches the server name
[Fri May 26 14:33:25.339265 2023] [mpm_winnt:notice] [pid 17704:tid 456] AH00455: Apache/2.4.56 (Win64) OpenSSL/1.1.1t PHP/8.0.28 configured -- resuming normal operations
[Fri May 26 14:33:25.339265 2023] [mpm_winnt:notice] [pid 17704:tid 456] AH00456: Apache Lounge VS16 Server built: Mar  7 2023 13:21:03
[Fri May 26 14:33:25.339265 2023] [core:notice] [pid 17704:tid 456] AH00094: Command line: 'c:\\xampp\\apache\\bin\\httpd.exe -d C:/xampp/apache'
[Fri May 26 14:33:25.343252 2023] [mpm_winnt:notice] [pid 17704:tid 456] AH00418: Parent: Created child process 25692
[Fri May 26 14:33:26.012015 2023] [ssl:warn] [pid 25692:tid 444] AH01909: www.example.com:443:0 server certificate does NOT include an ID which matches the server name
[Fri May 26 14:33:26.031948 2023] [ssl:warn] [pid 25692:tid 444] AH01909: www.example.com:443:0 server certificate does NOT include an ID which matches the server name
[Fri May 26 14:33:26.044905 2023] [mpm_winnt:notice] [pid 25692:tid 444] AH00354: Child: Starting 150 worker threads.
[Wed Jun 21 14:01:15.992285 2023] [ssl:warn] [pid 27276:tid 400] AH01909: www.example.com:443:0 server certificate does NOT include an ID which matches the server name
[Wed Jun 21 14:01:16.014170 2023] [core:warn] [pid 27276:tid 400] AH00098: pid file C:/xampp/apache/logs/httpd.pid overwritten -- Unclean shutdown of previous Apache run?
[Wed Jun 21 14:01:16.016164 2023] [ssl:warn] [pid 27276:tid 400] AH01909: www.example.com:443:0 server certificate does NOT include an ID which matches the server name
[Wed Jun 21 14:01:16.176861 2023] [mpm_winnt:notice] [pid 27276:tid 400] AH00455: Apache/2.4.56 (Win64) OpenSSL/1.1.1t PHP/8.0.28 configured -- resuming normal operations
[Wed Jun 21 14:01:16.176861 2023] [mpm_winnt:notice] [pid 27276:tid 400] AH00456: Apache Lounge VS16 Server built: Mar  7 2023 13:21:03
[Wed Jun 21 14:01:16.176861 2023] [core:notice] [pid 27276:tid 400] AH00094: Command line: 'c:\\xampp\\apache\\bin\\httpd.exe -d C:/xampp/apache'
[Wed Jun 21 14:01:16.180355 2023] [mpm_winnt:notice] [pid 27276:tid 400] AH00418: Parent: Created child process 24800
[Wed Jun 21 14:01:16.790778 2023] [ssl:warn] [pid 24800:tid 412] AH01909: www.example.com:443:0 server certificate does NOT include an ID which matches the server name
[Wed Jun 21 14:01:16.813660 2023] [ssl:warn] [pid 24800:tid 412] AH01909: www.example.com:443:0 server certificate does NOT include an ID which matches the server name
[Wed Jun 21 14:01:16.827613 2023] [mpm_winnt:notice] [pid 24800:tid 412] AH00354: Child: Starting 150 worker threads.
